<?xml version='1.0' encoding='UTF-8'?>
<testsuite hostname="dorian-Aspire-V3-571G" name="ApplicationSpec" tests="2" errors="2" failures="0" time="-0.002">
                     <properties>
[...]
</properties>
                     <testcase classname="ApplicationSpec" name="(It is not a test)" time="-0.001">
                                                 <error message="Configuration error[./conf/application.conf: 68: Could not resolve substitution to a value: ${play.path}]" type="sbt.ForkMain$ForkError">sbt.ForkMain$ForkError: Configuration error[./conf/application.conf: 68: Could not resolve substitution to a value: ${play.path}]
	at play.api.Configuration$.play$api$Configuration$$configError(Configuration.scala:94)
	at play.api.Configuration$.loadDev(Configuration.scala:35)
	at play.api.Configuration$.load(Configuration.scala:64)
	at play.api.WithDefaultConfiguration$$anonfun$initialConfiguration$1.apply(Application.scala:76)
	at play.api.WithDefaultConfiguration$$anonfun$initialConfiguration$1.apply(Application.scala:76)
	at play.utils.Threads$.withContextClassLoader(Threads.scala:21)
	at play.api.WithDefaultConfiguration$class.initialConfiguration(Application.scala:75)
	at play.api.test.FakeApplication.initialConfiguration$lzycompute(Fakes.scala:211)
	at play.api.test.FakeApplication.initialConfiguration(Fakes.scala:211)
	at play.api.WithDefaultGlobal$class.play$api$WithDefaultGlobal$$globalClass(Application.scala:25)
	at play.api.test.FakeApplication.play$api$WithDefaultGlobal$$globalClass$lzycompute(Fakes.scala:211)
	at play.api.test.FakeApplication.play$api$WithDefaultGlobal$$globalClass(Fakes.scala:211)
	at play.api.WithDefaultGlobal$class.play$api$WithDefaultGlobal$$javaGlobal(Application.scala:31)
	at play.api.test.FakeApplication.play$api$WithDefaultGlobal$$javaGlobal$lzycompute(Fakes.scala:211)
	at play.api.test.FakeApplication.play$api$WithDefaultGlobal$$javaGlobal(Fakes.scala:211)
	at play.api.WithDefaultGlobal$$anonfun$play$api$WithDefaultGlobal$$globalInstance$1.apply(Application.scala:54)
	at play.api.WithDefaultGlobal$$anonfun$play$api$WithDefaultGlobal$$globalInstance$1.apply(Application.scala:53)
	at play.utils.Threads$.withContextClassLoader(Threads.scala:21)
	at play.api.WithDefaultGlobal$class.play$api$WithDefaultGlobal$$globalInstance(Application.scala:52)
	at play.api.test.FakeApplication.play$api$WithDefaultGlobal$$globalInstance$lzycompute(Fakes.scala:211)
	at play.api.test.FakeApplication.play$api$WithDefaultGlobal$$globalInstance(Fakes.scala:211)
	at play.api.WithDefaultGlobal$class.global(Application.scala:68)
	at play.api.test.FakeApplication.play$api$test$FakeApplication$$super$global(Fakes.scala:230)
	at play.api.test.FakeApplication$$anonfun$global$1.apply(Fakes.scala:230)
	at play.api.test.FakeApplication$$anonfun$global$1.apply(Fakes.scala:230)
	at play.api.test.FakeApplication.global$lzycompute(Fakes.scala:230)
	at play.api.test.FakeApplication.global(Fakes.scala:230)
	at play.api.WithDefaultConfiguration$class.play$api$WithDefaultConfiguration$$fullConfiguration(Application.scala:82)
	at play.api.test.FakeApplication.play$api$WithDefaultConfiguration$$fullConfiguration$lzycompute(Fakes.scala:211)
	at play.api.test.FakeApplication.play$api$WithDefaultConfiguration$$fullConfiguration(Fakes.scala:211)
	at play.api.WithDefaultConfiguration$class.configuration(Application.scala:84)
	at play.api.test.FakeApplication.configuration(Fakes.scala:227)
	at play.api.Application$class.$init$(Application.scala:274)
	at play.api.test.FakeApplication.&lt;init&gt;(Fakes.scala:221)
	at play.api.test.WithApplication$.$lessinit$greater$default$1(Specs.scala:20)
	at ApplicationSpec$$anonfun$2$$anonfun$apply$2$$anon$1.&lt;init&gt;(ApplicationSpec.scala:18)
	at ApplicationSpec$$anonfun$2$$anonfun$apply$2.apply(ApplicationSpec.scala:18)
	at ApplicationSpec$$anonfun$2$$anonfun$apply$2.apply(ApplicationSpec.scala:18)
Caused by: sbt.ForkMain$ForkError: ./conf/application.conf: 68: Could not resolve substitution to a value: ${play.path}
	at com.typesafe.config.impl.ConfigReference.resolveSubstitutions(ConfigReference.java:87)
	at com.typesafe.config.impl.ResolveSource.resolveCheckingReplacement(ResolveSource.java:110)
	at com.typesafe.config.impl.ResolveContext.resolve(ResolveContext.java:114)
	at com.typesafe.config.impl.ConfigConcatenation.resolveSubstitutions(ConfigConcatenation.java:178)
	at com.typesafe.config.impl.ResolveSource.resolveCheckingReplacement(ResolveSource.java:110)
	at com.typesafe.config.impl.ResolveContext.resolve(ResolveContext.java:114)
	at com.typesafe.config.impl.SimpleConfigObject$1.modifyChildMayThrow(SimpleConfigObject.java:341)
	at com.typesafe.config.impl.SimpleConfigObject.modifyMayThrow(SimpleConfigObject.java:280)
	at com.typesafe.config.impl.SimpleConfigObject.resolveSubstitutions(SimpleConfigObject.java:321)
	at com.typesafe.config.impl.SimpleConfigObject.resolveSubstitutions(SimpleConfigObject.java:25)
	at com.typesafe.config.impl.ResolveSource.resolveCheckingReplacement(ResolveSource.java:110)
	at com.typesafe.config.impl.ResolveContext.resolve(ResolveContext.java:114)
	at com.typesafe.config.impl.SimpleConfigObject$1.modifyChildMayThrow(SimpleConfigObject.java:341)
	at com.typesafe.config.impl.SimpleConfigObject.modifyMayThrow(SimpleConfigObject.java:280)
	at com.typesafe.config.impl.SimpleConfigObject.resolveSubstitutions(SimpleConfigObject.java:321)
	at com.typesafe.config.impl.SimpleConfigObject.resolveSubstitutions(SimpleConfigObject.java:25)
	at com.typesafe.config.impl.ResolveSource.resolveCheckingReplacement(ResolveSource.java:110)
	at com.typesafe.config.impl.ResolveContext.resolve(ResolveContext.java:114)
	at com.typesafe.config.impl.ResolveContext.resolve(ResolveContext.java:149)
	at com.typesafe.config.impl.SimpleConfig.resolveWith(SimpleConfig.java:70)
	at com.typesafe.config.impl.SimpleConfig.resolve(SimpleConfig.java:60)
	at com.typesafe.config.impl.SimpleConfig.resolve(SimpleConfig.java:33)
	at com.typesafe.config.ConfigFactory.load(ConfigFactory.java:202)
	at com.typesafe.config.ConfigFactory.load(ConfigFactory.java:171)
	at com.typesafe.config.ConfigFactory.load(ConfigFactory.java:167)
	at play.api.Configuration$.loadDev(Configuration.scala:43)
	... 36 more
</error>
                                               </testcase><testcase classname="ApplicationSpec" name="(It is not a test)" time="-0.001">
                                                 <error message="Configuration error[./conf/application.conf: 68: Could not resolve substitution to a value: ${play.path}]" type="sbt.ForkMain$ForkError">sbt.ForkMain$ForkError: Configuration error[./conf/application.conf: 68: Could not resolve substitution to a value: ${play.path}]
	at play.api.Configuration$.play$api$Configuration$$configError(Configuration.scala:94)
	at play.api.Configuration$.loadDev(Configuration.scala:35)
	at play.api.Configuration$.load(Configuration.scala:64)
	at play.api.WithDefaultConfiguration$$anonfun$initialConfiguration$1.apply(Application.scala:76)
	at play.api.WithDefaultConfiguration$$anonfun$initialConfiguration$1.apply(Application.scala:76)
	at play.utils.Threads$.withContextClassLoader(Threads.scala:21)
	at play.api.WithDefaultConfiguration$class.initialConfiguration(Application.scala:75)
	at play.api.test.FakeApplication.initialConfiguration$lzycompute(Fakes.scala:211)
	at play.api.test.FakeApplication.initialConfiguration(Fakes.scala:211)
	at play.api.WithDefaultGlobal$class.play$api$WithDefaultGlobal$$globalClass(Application.scala:25)
	at play.api.test.FakeApplication.play$api$WithDefaultGlobal$$globalClass$lzycompute(Fakes.scala:211)
	at play.api.test.FakeApplication.play$api$WithDefaultGlobal$$globalClass(Fakes.scala:211)
	at play.api.WithDefaultGlobal$class.play$api$WithDefaultGlobal$$javaGlobal(Application.scala:31)
	at play.api.test.FakeApplication.play$api$WithDefaultGlobal$$javaGlobal$lzycompute(Fakes.scala:211)
	at play.api.test.FakeApplication.play$api$WithDefaultGlobal$$javaGlobal(Fakes.scala:211)
	at play.api.WithDefaultGlobal$$anonfun$play$api$WithDefaultGlobal$$globalInstance$1.apply(Application.scala:54)
	at play.api.WithDefaultGlobal$$anonfun$play$api$WithDefaultGlobal$$globalInstance$1.apply(Application.scala:53)
	at play.utils.Threads$.withContextClassLoader(Threads.scala:21)
	at play.api.WithDefaultGlobal$class.play$api$WithDefaultGlobal$$globalInstance(Application.scala:52)
	at play.api.test.FakeApplication.play$api$WithDefaultGlobal$$globalInstance$lzycompute(Fakes.scala:211)
	at play.api.test.FakeApplication.play$api$WithDefaultGlobal$$globalInstance(Fakes.scala:211)
	at play.api.WithDefaultGlobal$class.global(Application.scala:68)
	at play.api.test.FakeApplication.play$api$test$FakeApplication$$super$global(Fakes.scala:230)
	at play.api.test.FakeApplication$$anonfun$global$1.apply(Fakes.scala:230)
	at play.api.test.FakeApplication$$anonfun$global$1.apply(Fakes.scala:230)
	at play.api.test.FakeApplication.global$lzycompute(Fakes.scala:230)
	at play.api.test.FakeApplication.global(Fakes.scala:230)
	at play.api.WithDefaultConfiguration$class.play$api$WithDefaultConfiguration$$fullConfiguration(Application.scala:82)
	at play.api.test.FakeApplication.play$api$WithDefaultConfiguration$$fullConfiguration$lzycompute(Fakes.scala:211)
	at play.api.test.FakeApplication.play$api$WithDefaultConfiguration$$fullConfiguration(Fakes.scala:211)
	at play.api.WithDefaultConfiguration$class.configuration(Application.scala:84)
	at play.api.test.FakeApplication.configuration(Fakes.scala:227)
	at play.api.Application$class.$init$(Application.scala:274)
	at play.api.test.FakeApplication.&lt;init&gt;(Fakes.scala:221)
	at play.api.test.WithApplication$.$lessinit$greater$default$1(Specs.scala:20)
	at ApplicationSpec$$anonfun$2$$anonfun$apply$3$$anon$2.&lt;init&gt;(ApplicationSpec.scala:22)
	at ApplicationSpec$$anonfun$2$$anonfun$apply$3.apply(ApplicationSpec.scala:22)
	at ApplicationSpec$$anonfun$2$$anonfun$apply$3.apply(ApplicationSpec.scala:22)
Caused by: sbt.ForkMain$ForkError: ./conf/application.conf: 68: Could not resolve substitution to a value: ${play.path}
	at com.typesafe.config.impl.ConfigReference.resolveSubstitutions(ConfigReference.java:87)
	at com.typesafe.config.impl.ResolveSource.resolveCheckingReplacement(ResolveSource.java:110)
	at com.typesafe.config.impl.ResolveContext.resolve(ResolveContext.java:114)
	at com.typesafe.config.impl.ConfigConcatenation.resolveSubstitutions(ConfigConcatenation.java:178)
	at com.typesafe.config.impl.ResolveSource.resolveCheckingReplacement(ResolveSource.java:110)
	at com.typesafe.config.impl.ResolveContext.resolve(ResolveContext.java:114)
	at com.typesafe.config.impl.SimpleConfigObject$1.modifyChildMayThrow(SimpleConfigObject.java:341)
	at com.typesafe.config.impl.SimpleConfigObject.modifyMayThrow(SimpleConfigObject.java:280)
	at com.typesafe.config.impl.SimpleConfigObject.resolveSubstitutions(SimpleConfigObject.java:321)
	at com.typesafe.config.impl.SimpleConfigObject.resolveSubstitutions(SimpleConfigObject.java:25)
	at com.typesafe.config.impl.ResolveSource.resolveCheckingReplacement(ResolveSource.java:110)
	at com.typesafe.config.impl.ResolveContext.resolve(ResolveContext.java:114)
	at com.typesafe.config.impl.SimpleConfigObject$1.modifyChildMayThrow(SimpleConfigObject.java:341)
	at com.typesafe.config.impl.SimpleConfigObject.modifyMayThrow(SimpleConfigObject.java:280)
	at com.typesafe.config.impl.SimpleConfigObject.resolveSubstitutions(SimpleConfigObject.java:321)
	at com.typesafe.config.impl.SimpleConfigObject.resolveSubstitutions(SimpleConfigObject.java:25)
	at com.typesafe.config.impl.ResolveSource.resolveCheckingReplacement(ResolveSource.java:110)
	at com.typesafe.config.impl.ResolveContext.resolve(ResolveContext.java:114)
	at com.typesafe.config.impl.ResolveContext.resolve(ResolveContext.java:149)
	at com.typesafe.config.impl.SimpleConfig.resolveWith(SimpleConfig.java:70)
	at com.typesafe.config.impl.SimpleConfig.resolve(SimpleConfig.java:60)
	at com.typesafe.config.impl.SimpleConfig.resolve(SimpleConfig.java:33)
	at com.typesafe.config.ConfigFactory.load(ConfigFactory.java:202)
	at com.typesafe.config.ConfigFactory.load(ConfigFactory.java:171)
	at com.typesafe.config.ConfigFactory.load(ConfigFactory.java:167)
	at play.api.Configuration$.loadDev(Configuration.scala:43)
	... 36 more
</error>
                                               </testcase>
                     <system-out></system-out>
                     <system-err></system-err>
                   </testsuite>